{"/Users/dmytrodavydov/Documents/Claude/Projects/Flowterra/ft-web-app/src/App.tsx": {"path":"/Users/dmytrodavydov/Documents/Claude/Projects/Flowterra/ft-web-app/src/App.tsx","statementMap":{"0":{"start":{"line":18,"column":0},"end":{"line":18,"column":24}},"1":{"start":{"line":10,"column":0},"end":{"line":10,"column":74}},"2":{"start":{"line":11,"column":0},"end":{"line":11,"column":55}},"3":{"start":{"line":12,"column":0},"end":{"line":12,"column":61}},"4":{"start":{"line":13,"column":0},"end":{"line":13,"column":55}},"5":{"start":{"line":14,"column":0},"end":{"line":14,"column":51}},"6":{"start":{"line":15,"column":0},"end":{"line":15,"column":55}},"7":{"start":{"line":16,"column":0},"end":{"line":16,"column":50}},"8":{"start":{"line":19,"column":2},"end":{"line":44,"column":4}}},"fnMap":{"0":{"name":"App","decl":{"start":{"line":18,"column":24},"end":{"line":18,"column":27}},"loc":{"start":{"line":18,"column":27},"end":{"line":45,"column":1}}}},"branchMap":{},"s":{"0":1,"1":1,"2":1,"3":1,"4":1,"5":1,"6":1,"7":1,"8":2},"f":{"0":2},"b":{}}
,"/Users/dmytrodavydov/Documents/Claude/Projects/Flowterra/ft-web-app/src/components/AppShell.tsx": {"path":"/Users/dmytrodavydov/Documents/Claude/Projects/Flowterra/ft-web-app/src/components/AppShell.tsx","statementMap":{"0":{"start":{"line":49,"column":0},"end":{"line":49,"column":24}},"1":{"start":{"line":6,"column":0},"end":{"line":6,"column":64}},"2":{"start":{"line":7,"column":0},"end":{"line":7,"column":49}},"3":{"start":{"line":8,"column":0},"end":{"line":8,"column":43}},"4":{"start":{"line":22,"column":32},"end":{"line":47,"column":2}},"5":{"start":{"line":50,"column":28},"end":{"line":50,"column":37}},"6":{"start":{"line":51,"column":19},"end":{"line":51,"column":32}},"7":{"start":{"line":54,"column":4},"end":{"line":54,"column":20}},"8":{"start":{"line":55,"column":4},"end":{"line":55,"column":23}},"9":{"start":{"line":58,"column":19},"end":{"line":63,"column":18}},"10":{"start":{"line":60,"column":16},"end":{"line":60,"column":20}},"11":{"start":{"line":65,"column":2},"end":{"line":126,"column":4}},"12":{"start":{"line":76,"column":12},"end":{"line":76,"column":null}},"13":{"start":{"line":79,"column":16},"end":{"line":80,"column":null}},"14":{"start":{"line":84,"column":20},"end":{"line":84,"column":79}},"15":{"start":{"line":131,"column":2},"end":{"line":138,"column":4}},"16":{"start":{"line":141,"column":2},"end":{"line":145,"column":4}},"17":{"start":{"line":148,"column":2},"end":{"line":152,"column":4}},"18":{"start":{"line":155,"column":2},"end":{"line":159,"column":4}},"19":{"start":{"line":162,"column":2},"end":{"line":166,"column":4}},"20":{"start":{"line":169,"column":2},"end":{"line":174,"column":4}},"21":{"start":{"line":177,"column":2},"end":{"line":183,"column":4}},"22":{"start":{"line":186,"column":2},"end":{"line":190,"column":4}},"23":{"start":{"line":193,"column":2},"end":{"line":197,"column":4}}},"fnMap":{"0":{"name":"AppShell","decl":{"start":{"line":49,"column":24},"end":{"line":49,"column":32}},"loc":{"start":{"line":49,"column":32},"end":{"line":127,"column":1}}},"1":{"name":"handleSignOut","decl":{"start":{"line":53,"column":17},"end":{"line":53,"column":30}},"loc":{"start":{"line":53,"column":30},"end":{"line":56,"column":3}}},"2":{"name":"(anonymous_2)","decl":{"start":{"line":60,"column":9},"end":{"line":60,"column":10}},"loc":{"start":{"line":60,"column":16},"end":{"line":60,"column":20}}},"3":{"name":"(anonymous_3)","decl":{"start":{"line":75,"column":25},"end":{"line":75,"column":26}},"loc":{"start":{"line":76,"column":12},"end":{"line":76,"column":null}}},"4":{"name":"(anonymous_4)","decl":{"start":{"line":78,"column":25},"end":{"line":78,"column":26}},"loc":{"start":{"line":79,"column":16},"end":{"line":80,"column":null}}},"5":{"name":"(anonymous_5)","decl":{"start":{"line":83,"column":29},"end":{"line":83,"column":30}},"loc":{"start":{"line":84,"column":20},"end":{"line":84,"column":79}}},"6":{"name":"IconGrid","decl":{"start":{"line":130,"column":9},"end":{"line":130,"column":17}},"loc":{"start":{"line":130,"column":17},"end":{"line":139,"column":1}}},"7":{"name":"IconSites","decl":{"start":{"line":140,"column":9},"end":{"line":140,"column":18}},"loc":{"start":{"line":140,"column":18},"end":{"line":146,"column":1}}},"8":{"name":"IconEvents","decl":{"start":{"line":147,"column":9},"end":{"line":147,"column":19}},"loc":{"start":{"line":147,"column":19},"end":{"line":153,"column":1}}},"9":{"name":"IconGeofences","decl":{"start":{"line":154,"column":9},"end":{"line":154,"column":22}},"loc":{"start":{"line":154,"column":22},"end":{"line":160,"column":1}}},"10":{"name":"IconPeople","decl":{"start":{"line":161,"column":9},"end":{"line":161,"column":19}},"loc":{"start":{"line":161,"column":19},"end":{"line":167,"column":1}}},"11":{"name":"IconTags","decl":{"start":{"line":168,"column":9},"end":{"line":168,"column":17}},"loc":{"start":{"line":168,"column":17},"end":{"line":175,"column":1}}},"12":{"name":"IconGateways","decl":{"start":{"line":176,"column":9},"end":{"line":176,"column":21}},"loc":{"start":{"line":176,"column":21},"end":{"line":184,"column":1}}},"13":{"name":"IconReports","decl":{"start":{"line":185,"column":9},"end":{"line":185,"column":20}},"loc":{"start":{"line":185,"column":20},"end":{"line":191,"column":1}}},"14":{"name":"IconOccupancy","decl":{"start":{"line":192,"column":9},"end":{"line":192,"column":22}},"loc":{"start":{"line":192,"column":22},"end":{"line":198,"column":1}}}},"branchMap":{"0":{"loc":{"start":{"line":58,"column":20},"end":{"line":58,"column":59}},"type":"binary-expr","locations":[{"start":{"line":58,"column":20},"end":{"line":58,"column":37}},{"start":{"line":58,"column":41},"end":{"line":58,"column":52}},{"start":{"line":58,"column":56},"end":{"line":58,"column":59}}]},"1":{"loc":{"start":{"line":84,"column":41},"end":{"line":84,"column":77}},"type":"cond-expr","locations":[{"start":{"line":84,"column":52},"end":{"line":84,"column":72}},{"start":{"line":84,"column":75},"end":{"line":84,"column":77}}]},"2":{"loc":{"start":{"line":99,"column":15},"end":{"line":99,"column":47}},"type":"binary-expr","locations":[{"start":{"line":99,"column":15},"end":{"line":99,"column":32}},{"start":{"line":99,"column":36},"end":{"line":99,"column":47}}]}},"s":{"0":1,"1":1,"2":1,"3":1,"4":1,"5":2,"6":2,"7":1,"8":1,"9":2,"10":4,"11":2,"12":6,"13":18,"14":18,"15":2,"16":2,"17":2,"18":2,"19":2,"20":2,"21":2,"22":2,"23":2},"f":{"0":2,"1":1,"2":4,"3":6,"4":18,"5":18,"6":2,"7":2,"8":2,"9":2,"10":2,"11":2,"12":2,"13":2,"14":2},"b":{"0":[2,0,0],"1":[2,16],"2":[2,0]}}
,"/Users/dmytrodavydov/Documents/Claude/Projects/Flowterra/ft-web-app/src/components/ProtectedRoute.tsx": {"path":"/Users/dmytrodavydov/Documents/Claude/Projects/Flowterra/ft-web-app/src/components/ProtectedRoute.tsx","statementMap":{"0":{"start":{"line":13,"column":0},"end":{"line":13,"column":24}},"1":{"start":{"line":6,"column":0},"end":{"line":6,"column":44}},"2":{"start":{"line":7,"column":0},"end":{"line":7,"column":49}},"3":{"start":{"line":14,"column":28},"end":{"line":14,"column":37}},"4":{"start":{"line":16,"column":2},"end":{"line":16,"column":27}},"5":{"start":{"line":16,"column":15},"end":{"line":16,"column":27}},"6":{"start":{"line":18,"column":2},"end":{"line":18,"column":67}}},"fnMap":{"0":{"name":"ProtectedRoute","decl":{"start":{"line":13,"column":24},"end":{"line":13,"column":38}},"loc":{"start":{"line":13,"column":72},"end":{"line":19,"column":1}}}},"branchMap":{"0":{"loc":{"start":{"line":16,"column":2},"end":{"line":16,"column":27}},"type":"if","locations":[{"start":{"line":16,"column":2},"end":{"line":16,"column":27}},{"start":{},"end":{}}]},"1":{"loc":{"start":{"line":18,"column":9},"end":{"line":18,"column":66}},"type":"cond-expr","locations":[{"start":{"line":18,"column":16},"end":{"line":18,"column":31}},{"start":{"line":18,"column":34},"end":{"line":18,"column":66}}]}},"s":{"0":1,"1":1,"2":1,"3":3,"4":3,"5":1,"6":2},"f":{"0":3},"b":{"0":[1,2],"1":[1,1]}}
,"/Users/dmytrodavydov/Documents/Claude/Projects/Flowterra/ft-web-app/src/components/widgets/ActiveTagsWidget.tsx": {"path":"/Users/dmytrodavydov/Documents/Claude/Projects/Flowterra/ft-web-app/src/components/widgets/ActiveTagsWidget.tsx","statementMap":{"0":{"start":{"line":19,"column":0},"end":{"line":19,"column":24}},"1":{"start":{"line":5,"column":0},"end":{"line":5,"column":100}},"2":{"start":{"line":6,"column":0},"end":{"line":6,"column":46}},"3":{"start":{"line":13,"column":31},"end":{"line":17,"column":2}},"4":{"start":{"line":20,"column":2},"end":{"line":43,"column":4}}},"fnMap":{"0":{"name":"ActiveTagsWidget","decl":{"start":{"line":19,"column":24},"end":{"line":19,"column":40}},"loc":{"start":{"line":19,"column":40},"end":{"line":44,"column":1}}}},"branchMap":{},"s":{"0":2,"1":2,"2":2,"3":2,"4":2},"f":{"0":2},"b":{}}
,"/Users/dmytrodavydov/Documents/Claude/Projects/Flowterra/ft-web-app/src/components/widgets/AlertsWidget.tsx": {"path":"/Users/dmytrodavydov/Documents/Claude/Projects/Flowterra/ft-web-app/src/components/widgets/AlertsWidget.tsx","statementMap":{"0":{"start":{"line":7,"column":0},"end":{"line":7,"column":24}},"1":{"start":{"line":5,"column":0},"end":{"line":5,"column":47}},"2":{"start":{"line":8,"column":2},"end":{"line":30,"column":4}},"3":{"start":{"line":20,"column":10},"end":{"line":20,"column":23}}},"fnMap":{"0":{"name":"AlertsWidget","decl":{"start":{"line":7,"column":24},"end":{"line":7,"column":36}},"loc":{"start":{"line":7,"column":36},"end":{"line":31,"column":1}}},"1":{"name":"(anonymous_1)","decl":{"start":{"line":19,"column":23},"end":{"line":19,"column":24}},"loc":{"start":{"line":20,"column":10},"end":{"line":20,"column":23}}}},"branchMap":{},"s":{"0":2,"1":2,"2":2,"3":6},"f":{"0":2,"1":6},"b":{}}
,"/Users/dmytrodavydov/Documents/Claude/Projects/Flowterra/ft-web-app/src/components/widgets/KpiWidget.tsx": {"path":"/Users/dmytrodavydov/Documents/Claude/Projects/Flowterra/ft-web-app/src/components/widgets/KpiWidget.tsx","statementMap":{"0":{"start":{"line":10,"column":0},"end":{"line":10,"column":24}},"1":{"start":{"line":1,"column":0},"end":{"line":1,"column":44}},"2":{"start":{"line":11,"column":2},"end":{"line":17,"column":4}}},"fnMap":{"0":{"name":"KpiWidget","decl":{"start":{"line":10,"column":24},"end":{"line":10,"column":33}},"loc":{"start":{"line":10,"column":98},"end":{"line":18,"column":1}}}},"branchMap":{"0":{"loc":{"start":{"line":10,"column":43},"end":{"line":10,"column":54}},"type":"default-arg","locations":[{"start":{"line":10,"column":51},"end":{"line":10,"column":54}}]},"1":{"loc":{"start":{"line":10,"column":62},"end":{"line":10,"column":80}},"type":"default-arg","locations":[{"start":{"line":10,"column":71},"end":{"line":10,"column":80}}]},"2":{"loc":{"start":{"line":15,"column":7},"end":{"line":15,"column":58}},"type":"binary-expr","locations":[{"start":{"line":15,"column":7},"end":{"line":15,"column":11}},{"start":{"line":15,"column":15},"end":{"line":15,"column":58}}]}},"s":{"0":2,"1":2,"2":6},"f":{"0":6},"b":{"0":[1],"1":[5],"2":[6,5]}}
,"/Users/dmytrodavydov/Documents/Claude/Projects/Flowterra/ft-web-app/src/components/widgets/MapWidget.tsx": {"path":"/Users/dmytrodavydov/Documents/Claude/Projects/Flowterra/ft-web-app/src/components/widgets/MapWidget.tsx","statementMap":{"0":{"start":{"line":7,"column":0},"end":{"line":7,"column":24}},"1":{"start":{"line":5,"column":0},"end":{"line":5,"column":44}},"2":{"start":{"line":8,"column":2},"end":{"line":23,"column":4}}},"fnMap":{"0":{"name":"MapWidget","decl":{"start":{"line":7,"column":24},"end":{"line":7,"column":33}},"loc":{"start":{"line":7,"column":33},"end":{"line":24,"column":1}}}},"branchMap":{},"s":{"0":2,"1":2,"2":2},"f":{"0":2},"b":{}}
,"/Users/dmytrodavydov/Documents/Claude/Projects/Flowterra/ft-web-app/src/components/widgets/OccupancyWidget.tsx": {"path":"/Users/dmytrodavydov/Documents/Claude/Projects/Flowterra/ft-web-app/src/components/widgets/OccupancyWidget.tsx","statementMap":{"0":{"start":{"line":20,"column":0},"end":{"line":20,"column":24}},"1":{"start":{"line":5,"column":0},"end":{"line":5,"column":102}},"2":{"start":{"line":6,"column":0},"end":{"line":6,"column":46}},"3":{"start":{"line":14,"column":31},"end":{"line":18,"column":2}},"4":{"start":{"line":21,"column":2},"end":{"line":50,"column":4}}},"fnMap":{"0":{"name":"OccupancyWidget","decl":{"start":{"line":20,"column":24},"end":{"line":20,"column":39}},"loc":{"start":{"line":20,"column":39},"end":{"line":51,"column":1}}}},"branchMap":{},"s":{"0":2,"1":2,"2":2,"3":2,"4":2},"f":{"0":2},"b":{}}
,"/Users/dmytrodavydov/Documents/Claude/Projects/Flowterra/ft-web-app/src/context/AuthContext.tsx": {"path":"/Users/dmytrodavydov/Documents/Claude/Projects/Flowterra/ft-web-app/src/context/AuthContext.tsx","statementMap":{"0":{"start":{"line":38,"column":0},"end":{"line":38,"column":16}},"1":{"start":{"line":77,"column":0},"end":{"line":77,"column":16}},"2":{"start":{"line":14,"column":0},"end":{"line":14,"column":71}},"3":{"start":{"line":16,"column":0},"end":{"line":16,"column":null}},"4":{"start":{"line":22,"column":0},"end":{"line":22,"column":42}},"5":{"start":{"line":32,"column":20},"end":{"line":32,"column":63}},"6":{"start":{"line":39,"column":38},"end":{"line":39,"column":65}},"7":{"start":{"line":40,"column":38},"end":{"line":40,"column":67}},"8":{"start":{"line":41,"column":38},"end":{"line":41,"column":52}},"9":{"start":{"line":43,"column":2},"end":{"line":58,"column":9}},"10":{"start":{"line":44,"column":24},"end":{"line":55,"column":6}},"11":{"start":{"line":45,"column":6},"end":{"line":53,"column":7}},"12":{"start":{"line":47,"column":28},"end":{"line":47,"column":65}},"13":{"start":{"line":48,"column":8},"end":{"line":48,"column":76}},"14":{"start":{"line":49,"column":8},"end":{"line":49,"column":30}},"15":{"start":{"line":51,"column":8},"end":{"line":51,"column":22}},"16":{"start":{"line":52,"column":8},"end":{"line":52,"column":28}},"17":{"start":{"line":54,"column":6},"end":{"line":54,"column":24}},"18":{"start":{"line":57,"column":4},"end":{"line":57,"column":23}},"19":{"start":{"line":61,"column":4},"end":{"line":61,"column":61}},"20":{"start":{"line":65,"column":4},"end":{"line":65,"column":33}},"21":{"start":{"line":68,"column":33},"end":{"line":68,"column":79}},"22":{"start":{"line":70,"column":2},"end":{"line":74,"column":4}},"23":{"start":{"line":78,"column":14},"end":{"line":78,"column":37}},"24":{"start":{"line":79,"column":2},"end":{"line":79,"column":74}},"25":{"start":{"line":79,"column":12},"end":{"line":79,"column":74}},"26":{"start":{"line":80,"column":2},"end":{"line":80,"column":13}}},"fnMap":{"0":{"name":"AuthProvider","decl":{"start":{"line":38,"column":16},"end":{"line":38,"column":28}},"loc":{"start":{"line":38,"column":60},"end":{"line":75,"column":1}}},"1":{"name":"(anonymous_1)","decl":{"start":{"line":43,"column":12},"end":{"line":43,"column":15}},"loc":{"start":{"line":43,"column":17},"end":{"line":58,"column":3}}},"2":{"name":"(anonymous_2)","decl":{"start":{"line":44,"column":49},"end":{"line":44,"column":54}},"loc":{"start":{"line":44,"column":72},"end":{"line":55,"column":5}}},"3":{"name":"signIn","decl":{"start":{"line":60,"column":17},"end":{"line":60,"column":23}},"loc":{"start":{"line":60,"column":55},"end":{"line":62,"column":3}}},"4":{"name":"signOut","decl":{"start":{"line":64,"column":17},"end":{"line":64,"column":24}},"loc":{"start":{"line":64,"column":24},"end":{"line":66,"column":3}}},"5":{"name":"useAuth","decl":{"start":{"line":77,"column":16},"end":{"line":77,"column":23}},"loc":{"start":{"line":77,"column":23},"end":{"line":81,"column":1}}}},"branchMap":{"0":{"loc":{"start":{"line":45,"column":6},"end":{"line":53,"column":7}},"type":"if","locations":[{"start":{"line":45,"column":6},"end":{"line":53,"column":7}},{"start":{"line":50,"column":13},"end":{"line":53,"column":7}}]},"1":{"loc":{"start":{"line":48,"column":23},"end":{"line":48,"column":74}},"type":"binary-expr","locations":[{"start":{"line":48,"column":23},"end":{"line":48,"column":66}},{"start":{"line":48,"column":70},"end":{"line":48,"column":74}}]},"2":{"loc":{"start":{"line":79,"column":2},"end":{"line":79,"column":74}},"type":"if","locations":[{"start":{"line":79,"column":2},"end":{"line":79,"column":74}},{"start":{},"end":{}}]}},"s":{"0":1,"1":1,"2":1,"3":1,"4":1,"5":1,"6":5,"7":5,"8":5,"9":5,"10":3,"11":2,"12":1,"13":1,"14":1,"15":1,"16":1,"17":2,"18":3,"19":1,"20":1,"21":5,"22":5,"23":7,"24":6,"25":2,"26":4},"f":{"0":5,"1":3,"2":2,"3":1,"4":1,"5":7},"b":{"0":[1,1],"1":[1,0],"2":[2,4]}}
,"/Users/dmytrodavydov/Documents/Claude/Projects/Flowterra/ft-web-app/src/firebase/config.ts": {"path":"/Users/dmytrodavydov/Documents/Claude/Projects/Flowterra/ft-web-app/src/firebase/config.ts","statementMap":{"0":{"start":{"line":14,"column":23},"end":{"line":21,"column":2}},"1":{"start":{"line":23,"column":13},"end":{"line":23,"column":42}},"2":{"start":{"line":24,"column":20},"end":{"line":24,"column":32}},"3":{"start":{"line":25,"column":20},"end":{"line":25,"column":37}}},"fnMap":{},"branchMap":{},"s":{"0":0,"1":0,"2":0,"3":0},"f":{},"b":{}}
,"/Users/dmytrodavydov/Documents/Claude/Projects/Flowterra/ft-web-app/src/pages/DashboardPage.tsx": {"path":"/Users/dmytrodavydov/Documents/Claude/Projects/Flowterra/ft-web-app/src/pages/DashboardPage.tsx","statementMap":{"0":{"start":{"line":17,"column":0},"end":{"line":17,"column":24}},"1":{"start":{"line":10,"column":0},"end":{"line":10,"column":63}},"2":{"start":{"line":11,"column":0},"end":{"line":11,"column":63}},"3":{"start":{"line":12,"column":0},"end":{"line":12,"column":69}},"4":{"start":{"line":13,"column":0},"end":{"line":13,"column":70}},"5":{"start":{"line":14,"column":0},"end":{"line":14,"column":66}},"6":{"start":{"line":15,"column":0},"end":{"line":15,"column":58}},"7":{"start":{"line":18,"column":2},"end":{"line":47,"column":4}}},"fnMap":{"0":{"name":"DashboardPage","decl":{"start":{"line":17,"column":24},"end":{"line":17,"column":37}},"loc":{"start":{"line":17,"column":37},"end":{"line":48,"column":1}}}},"branchMap":{},"s":{"0":1,"1":1,"2":1,"3":1,"4":1,"5":1,"6":1,"7":1},"f":{"0":1},"b":{}}
,"/Users/dmytrodavydov/Documents/Claude/Projects/Flowterra/ft-web-app/src/pages/LoginPage.tsx": {"path":"/Users/dmytrodavydov/Documents/Claude/Projects/Flowterra/ft-web-app/src/pages/LoginPage.tsx","statementMap":{"0":{"start":{"line":10,"column":0},"end":{"line":10,"column":24}},"1":{"start":{"line":5,"column":0},"end":{"line":5,"column":33}},"2":{"start":{"line":6,"column":0},"end":{"line":6,"column":57}},"3":{"start":{"line":7,"column":0},"end":{"line":7,"column":49}},"4":{"start":{"line":8,"column":0},"end":{"line":8,"column":44}},"5":{"start":{"line":11,"column":36},"end":{"line":11,"column":45}},"6":{"start":{"line":12,"column":19},"end":{"line":12,"column":32}},"7":{"start":{"line":14,"column":34},"end":{"line":14,"column":46}},"8":{"start":{"line":15,"column":34},"end":{"line":15,"column":46}},"9":{"start":{"line":16,"column":34},"end":{"line":16,"column":46}},"10":{"start":{"line":17,"column":34},"end":{"line":17,"column":49}},"11":{"start":{"line":20,"column":2},"end":{"line":20,"column":68}},"12":{"start":{"line":20,"column":24},"end":{"line":20,"column":68}},"13":{"start":{"line":23,"column":4},"end":{"line":23,"column":23}},"14":{"start":{"line":24,"column":4},"end":{"line":24,"column":17}},"15":{"start":{"line":25,"column":4},"end":{"line":25,"column":18}},"16":{"start":{"line":26,"column":4},"end":{"line":34,"column":5}},"17":{"start":{"line":27,"column":6},"end":{"line":27,"column":36}},"18":{"start":{"line":28,"column":6},"end":{"line":28,"column":29}},"19":{"start":{"line":30,"column":20},"end":{"line":30,"column":56}},"20":{"start":{"line":31,"column":6},"end":{"line":31,"column":36}},"21":{"start":{"line":33,"column":6},"end":{"line":33,"column":21}},"22":{"start":{"line":37,"column":2},"end":{"line":83,"column":4}},"23":{"start":{"line":55,"column":31},"end":{"line":55,"column":55}},"24":{"start":{"line":68,"column":31},"end":{"line":68,"column":58}},"25":{"start":{"line":87,"column":2},"end":{"line":98,"column":3}},"26":{"start":{"line":91,"column":6},"end":{"line":91,"column":42}},"27":{"start":{"line":93,"column":6},"end":{"line":93,"column":51}},"28":{"start":{"line":95,"column":6},"end":{"line":95,"column":53}},"29":{"start":{"line":97,"column":6},"end":{"line":97,"column":49}}},"fnMap":{"0":{"name":"LoginPage","decl":{"start":{"line":10,"column":24},"end":{"line":10,"column":33}},"loc":{"start":{"line":10,"column":33},"end":{"line":84,"column":1}}},"1":{"name":"handleSubmit","decl":{"start":{"line":22,"column":17},"end":{"line":22,"column":29}},"loc":{"start":{"line":22,"column":65},"end":{"line":35,"column":3}}},"2":{"name":"(anonymous_2)","decl":{"start":{"line":55,"column":24},"end":{"line":55,"column":25}},"loc":{"start":{"line":55,"column":31},"end":{"line":55,"column":55}}},"3":{"name":"(anonymous_3)","decl":{"start":{"line":68,"column":24},"end":{"line":68,"column":25}},"loc":{"start":{"line":68,"column":31},"end":{"line":68,"column":58}}},"4":{"name":"friendlyError","decl":{"start":{"line":86,"column":9},"end":{"line":86,"column":22}},"loc":{"start":{"line":86,"column":35},"end":{"line":99,"column":1}}}},"branchMap":{"0":{"loc":{"start":{"line":20,"column":2},"end":{"line":20,"column":68}},"type":"if","locations":[{"start":{"line":20,"column":2},"end":{"line":20,"column":68}},{"start":{},"end":{}}]},"1":{"loc":{"start":{"line":20,"column":6},"end":{"line":20,"column":22}},"type":"binary-expr","locations":[{"start":{"line":20,"column":6},"end":{"line":20,"column":14}},{"start":{"line":20,"column":18},"end":{"line":20,"column":22}}]},"2":{"loc":{"start":{"line":30,"column":20},"end":{"line":30,"column":56}},"type":"binary-expr","locations":[{"start":{"line":30,"column":20},"end":{"line":30,"column":50}},{"start":{"line":30,"column":54},"end":{"line":30,"column":56}}]},"3":{"loc":{"start":{"line":75,"column":11},"end":{"line":75,"column":59}},"type":"binary-expr","locations":[{"start":{"line":75,"column":11},"end":{"line":75,"column":16}},{"start":{"line":75,"column":20},"end":{"line":75,"column":59}}]},"4":{"loc":{"start":{"line":78,"column":13},"end":{"line":78,"column":45}},"type":"cond-expr","locations":[{"start":{"line":78,"column":20},"end":{"line":78,"column":33}},{"start":{"line":78,"column":36},"end":{"line":78,"column":45}}]},"5":{"loc":{"start":{"line":87,"column":2},"end":{"line":98,"column":3}},"type":"switch","locations":[{"start":{"line":88,"column":4},"end":{"line":88,"column":35}},{"start":{"line":89,"column":4},"end":{"line":89,"column":31}},{"start":{"line":90,"column":4},"end":{"line":91,"column":42}},{"start":{"line":92,"column":4},"end":{"line":93,"column":51}},{"start":{"line":94,"column":4},"end":{"line":95,"column":53}},{"start":{"line":96,"column":4},"end":{"line":97,"column":49}}]}},"s":{"0":1,"1":1,"2":1,"3":1,"4":1,"5":58,"6":58,"7":58,"8":58,"9":58,"10":58,"11":58,"12":0,"13":2,"14":2,"15":2,"16":2,"17":2,"18":1,"19":1,"20":1,"21":2,"22":58,"23":32,"24":19,"25":1,"26":1,"27":0,"28":0,"29":0},"f":{"0":58,"1":2,"2":32,"3":19,"4":1},"b":{"0":[0,58],"1":[58,58],"2":[1,0],"3":[58,1],"4":[2,56],"5":[0,1,1,0,0,0]}}
,"/Users/dmytrodavydov/Documents/Claude/Projects/Flowterra/ft-web-app/src/pages/SitePage.tsx": {"path":"/Users/dmytrodavydov/Documents/Claude/Projects/Flowterra/ft-web-app/src/pages/SitePage.tsx","statementMap":{"0":{"start":{"line":7,"column":0},"end":{"line":7,"column":24}},"1":{"start":{"line":4,"column":0},"end":{"line":4,"column":45}},"2":{"start":{"line":5,"column":0},"end":{"line":5,"column":43}},"3":{"start":{"line":8,"column":21},"end":{"line":8,"column":52}},"4":{"start":{"line":10,"column":2},"end":{"line":19,"column":4}}},"fnMap":{"0":{"name":"SitePage","decl":{"start":{"line":7,"column":24},"end":{"line":7,"column":32}},"loc":{"start":{"line":7,"column":32},"end":{"line":20,"column":1}}}},"branchMap":{},"s":{"0":1,"1":1,"2":1,"3":1,"4":1},"f":{"0":1},"b":{}}
,"/Users/dmytrodavydov/Documents/Claude/Projects/Flowterra/ft-web-app/src/test/styleMock.ts": {"path":"/Users/dmytrodavydov/Documents/Claude/Projects/Flowterra/ft-web-app/src/test/styleMock.ts","statementMap":{"0":{"start":{"line":1,"column":19},"end":{"line":5,"column":null}},"1":{"start":{"line":4,"column":28},"end":{"line":4,"column":40}},"2":{"start":{"line":8,"column":0},"end":{"line":8,"column":26}}},"fnMap":{"0":{"name":"(anonymous_0)","decl":{"start":{"line":4,"column":9},"end":{"line":4,"column":10}},"loc":{"start":{"line":4,"column":28},"end":{"line":4,"column":40}}}},"branchMap":{},"s":{"0":10,"1":955,"2":10},"f":{"0":955},"b":{}}
}
