TN:
SF:src/App.tsx
FN:18,App
FNF:1
FNH:1
FNDA:2,App
DA:10,1
DA:11,1
DA:12,1
DA:13,1
DA:14,1
DA:15,1
DA:16,1
DA:18,1
DA:19,2
LF:9
LH:9
BRF:0
BRH:0
end_of_record
TN:
SF:src/components/AppShell.tsx
FN:49,AppShell
FN:53,handleSignOut
FN:60,(anonymous_2)
FN:75,(anonymous_3)
FN:78,(anonymous_4)
FN:83,(anonymous_5)
FN:130,IconGrid
FN:140,IconSites
FN:147,IconEvents
FN:154,IconGeofences
FN:161,IconPeople
FN:168,IconTags
FN:176,IconGateways
FN:185,IconReports
FN:192,IconOccupancy
FNF:15
FNH:15
FNDA:2,AppShell
FNDA:1,handleSignOut
FNDA:4,(anonymous_2)
FNDA:6,(anonymous_3)
FNDA:18,(anonymous_4)
FNDA:18,(anonymous_5)
FNDA:2,IconGrid
FNDA:2,IconSites
FNDA:2,IconEvents
FNDA:2,IconGeofences
FNDA:2,IconPeople
FNDA:2,IconTags
FNDA:2,IconGateways
FNDA:2,IconReports
FNDA:2,IconOccupancy
DA:6,1
DA:7,1
DA:8,1
DA:22,1
DA:49,1
DA:50,2
DA:51,2
DA:54,1
DA:55,1
DA:58,2
DA:60,4
DA:65,2
DA:76,6
DA:79,18
DA:84,18
DA:131,2
DA:141,2
DA:148,2
DA:155,2
DA:162,2
DA:169,2
DA:177,2
DA:186,2
DA:193,2
LF:24
LH:24
BRDA:58,0,0,2
BRDA:58,0,1,0
BRDA:58,0,2,0
BRDA:84,1,0,2
BRDA:84,1,1,16
BRDA:99,2,0,2
BRDA:99,2,1,0
BRF:7
BRH:4
end_of_record
TN:
SF:src/components/ProtectedRoute.tsx
FN:13,ProtectedRoute
FNF:1
FNH:1
FNDA:3,ProtectedRoute
DA:6,1
DA:7,1
DA:13,1
DA:14,3
DA:16,3
DA:18,2
LF:6
LH:6
BRDA:16,0,0,1
BRDA:16,0,1,2
BRDA:18,1,0,1
BRDA:18,1,1,1
BRF:4
BRH:4
end_of_record
TN:
SF:src/components/widgets/ActiveTagsWidget.tsx
FN:19,ActiveTagsWidget
FNF:1
FNH:1
FNDA:2,ActiveTagsWidget
DA:5,2
DA:6,2
DA:13,2
DA:19,2
DA:20,2
LF:5
LH:5
BRF:0
BRH:0
end_of_record
TN:
SF:src/components/widgets/AlertsWidget.tsx
FN:7,AlertsWidget
FN:19,(anonymous_1)
FNF:2
FNH:2
FNDA:2,AlertsWidget
FNDA:6,(anonymous_1)
DA:5,2
DA:7,2
DA:8,2
DA:20,6
LF:4
LH:4
BRF:0
BRH:0
end_of_record
TN:
SF:src/components/widgets/KpiWidget.tsx
FN:10,KpiWidget
FNF:1
FNH:1
FNDA:6,KpiWidget
DA:1,2
DA:10,2
DA:11,6
LF:3
LH:3
BRDA:10,0,0,1
BRDA:10,1,0,5
BRDA:15,2,0,6
BRDA:15,2,1,5
BRF:4
BRH:4
end_of_record
TN:
SF:src/components/widgets/MapWidget.tsx
FN:7,MapWidget
FNF:1
FNH:1
FNDA:2,MapWidget
DA:5,2
DA:7,2
DA:8,2
LF:3
LH:3
BRF:0
BRH:0
end_of_record
TN:
SF:src/components/widgets/OccupancyWidget.tsx
FN:20,OccupancyWidget
FNF:1
FNH:1
FNDA:2,OccupancyWidget
DA:5,2
DA:6,2
DA:14,2
DA:20,2
DA:21,2
LF:5
LH:5
BRF:0
BRH:0
end_of_record
TN:
SF:src/context/AuthContext.tsx
FN:38,AuthProvider
FN:43,(anonymous_1)
FN:44,(anonymous_2)
FN:60,signIn
FN:64,signOut
FN:77,useAuth
FNF:6
FNH:6
FNDA:5,AuthProvider
FNDA:3,(anonymous_1)
FNDA:2,(anonymous_2)
FNDA:1,signIn
FNDA:1,signOut
FNDA:7,useAuth
DA:14,1
DA:16,1
DA:22,1
DA:32,1
DA:38,1
DA:39,5
DA:40,5
DA:41,5
DA:43,5
DA:44,3
DA:45,2
DA:47,1
DA:48,1
DA:49,1
DA:51,1
DA:52,1
DA:54,2
DA:57,3
DA:61,1
DA:65,1
DA:68,5
DA:70,5
DA:77,1
DA:78,7
DA:79,6
DA:80,4
LF:26
LH:26
BRDA:45,0,0,1
BRDA:45,0,1,1
BRDA:48,1,0,1
BRDA:48,1,1,0
BRDA:79,2,0,2
BRDA:79,2,1,4
BRF:6
BRH:5
end_of_record
TN:
SF:src/firebase/config.ts
FNF:0
FNH:0
DA:14,0
DA:23,0
DA:24,0
DA:25,0
LF:4
LH:0
BRF:0
BRH:0
end_of_record
TN:
SF:src/pages/DashboardPage.tsx
FN:17,DashboardPage
FNF:1
FNH:1
FNDA:1,DashboardPage
DA:10,1
DA:11,1
DA:12,1
DA:13,1
DA:14,1
DA:15,1
DA:17,1
DA:18,1
LF:8
LH:8
BRF:0
BRH:0
end_of_record
TN:
SF:src/pages/LoginPage.tsx
FN:10,LoginPage
FN:22,handleSubmit
FN:55,(anonymous_2)
FN:68,(anonymous_3)
FN:86,friendlyError
FNF:5
FNH:5
FNDA:58,LoginPage
FNDA:2,handleSubmit
FNDA:32,(anonymous_2)
FNDA:19,(anonymous_3)
FNDA:1,friendlyError
DA:5,1
DA:6,1
DA:7,1
DA:8,1
DA:10,1
DA:11,58
DA:12,58
DA:14,58
DA:15,58
DA:16,58
DA:17,58
DA:20,58
DA:23,2
DA:24,2
DA:25,2
DA:26,2
DA:27,2
DA:28,1
DA:30,1
DA:31,1
DA:33,2
DA:37,58
DA:55,32
DA:68,19
DA:87,1
DA:91,1
DA:93,0
DA:95,0
DA:97,0
LF:29
LH:26
BRDA:20,0,0,0
BRDA:20,0,1,58
BRDA:20,1,0,58
BRDA:20,1,1,58
BRDA:30,2,0,1
BRDA:30,2,1,0
BRDA:75,3,0,58
BRDA:75,3,1,1
BRDA:78,4,0,2
BRDA:78,4,1,56
BRDA:87,5,0,0
BRDA:87,5,1,1
BRDA:87,5,2,1
BRDA:87,5,3,0
BRDA:87,5,4,0
BRDA:87,5,5,0
BRF:16
BRH:10
end_of_record
TN:
SF:src/pages/SitePage.tsx
FN:7,SitePage
FNF:1
FNH:1
FNDA:1,SitePage
DA:4,1
DA:5,1
DA:7,1
DA:8,1
DA:10,1
LF:5
LH:5
BRF:0
BRH:0
end_of_record
TN:
SF:src/test/styleMock.ts
FN:4,(anonymous_0)
FNF:1
FNH:1
FNDA:955,(anonymous_0)
DA:1,10
DA:4,955
DA:8,10
LF:3
LH:3
BRF:0
BRH:0
end_of_record
